Step: build-step-credential-initializer-c5dm2:

Unable to retrieve container logs for docker://27480e8ae2df34289eb54982446a16121bd01510d57cd413a9b5d9e7eb7c9d26
Step: build-step-working-dir-initializer-l8wc5:

Unable to retrieve container logs for docker://febcd44286728e39503843ccd1ce0b6dc0185f32c0fbf21c2893dfbf70bd3404
Step: build-step-place-tools:

Unable to retrieve container logs for docker://4e75dc6fde500c5bea62271369f24a7710cb0064afdd016729e0aa46082bae4b
Step: build-step-git-source-jenkins-x-charts-prow-pr-993-te-7hks8:

{"level":"warn","ts":1565275761.8864663,"logger":"fallback-logger","caller":"logging/config.go:65","msg":"Fetch GitHub commit ID from kodata failed: \"ref: refs/heads/master\" is not a valid GitHub commit ID"}
{"level":"info","ts":1565275763.716446,"logger":"fallback-logger","caller":"git/git.go:102","msg":"Successfully cloned https://github.com/jenkins-x-charts/prow @ 2944be76c04e6e2956b6160be1a1e8ae7039803e in path /workspace/source"}
Step: build-step-git-merge:

Warning failed to load version: failed to parse version -dev+9e73adc0b: No Major.Minor.Patch elements found
time="2019-08-08T14:49:24Z" level=info msg="got "
Using SHAs from PULL_REFS=master:13be85c830dacd76600ed5439172d137d9f82003,993:2944be76c04e6e2956b6160be1a1e8ae7039803e
ran git fetch --unshallow origin 2944be76c04e6e2956b6160be1a1e8ae7039803e: 13be85c830dacd76600ed5439172d137d9f82003: in 
ran git checkout master in 
ran git reset --hard 13be85c830dacd76600ed5439172d137d9f82003 in 
ran clean --force -d . in 
ran git merge 2944be76c04e6e2956b6160be1a1e8ae7039803e in 
Step: build-step-build-build:

cat: /builder/home/basic-auth-user.json: No such file or directory
cat: /builder/home/basic-auth-pass.json: No such file or directory
rm -rf prow/charts
rm -rf prow/prow*.tgz
rm -rf prow/requirements.lock
helm init --client-only
Creating /builder/home/.helm 
Creating /builder/home/.helm/repository 
Creating /builder/home/.helm/repository/cache 
Creating /builder/home/.helm/repository/local 
Creating /builder/home/.helm/plugins 
Creating /builder/home/.helm/starters 
Creating /builder/home/.helm/cache/archive 
Creating /builder/home/.helm/repository/repositories.yaml 
Adding stable repo with URL: https://kubernetes-charts.storage.googleapis.com 
Adding local repo with URL: http://127.0.0.1:8879/charts 
$HELM_HOME has been configured at /builder/home/.helm.
Not installing Tiller due to 'client-only' flag having been set
helm repo add jenkins-x http://chartmuseum.jenkins-x.io 	
"jenkins-x" has been added to your repositories
helm dependency build prow
No requirements found in prow/charts.
helm lint prow
==> Linting prow
Lint OK

1 chart(s) linted, no failures
