Step: build-step-credential-initializer-gcbfs:

{"level":"warn","ts":1554903048.073458,"logger":"fallback-logger","caller":"logging/config.go:65","msg":"Fetch GitHub commit ID from kodata failed: \"ref: refs/heads/backport-container-name-fix\" is not a valid GitHub commit ID"}
{"level":"info","ts":1554903048.0819209,"logger":"fallback-logger","caller":"creds-init/main.go:40","msg":"Credentials initialized."}
Step: build-step-git-source-jenkins-x-**-pr-3586-lint-p9kwr:

{"level":"warn","ts":1554903049.6686969,"logger":"fallback-logger","caller":"logging/config.go:65","msg":"Fetch GitHub commit ID from kodata failed: \"ref: refs/heads/backport-container-name-fix\" is not a valid GitHub commit ID"}
{"level":"info","ts":1554903052.2394502,"logger":"fallback-logger","caller":"git-init/main.go:99","msg":"Successfully cloned \"https://github.com/jenkins-x/**\" @ \"fe51c87a90c55bce4ac01d46ff58c9e8d26d922f\" in path \"/workspace/source\""}
Step: build-step-place-tools:

Step: build-step-git-merge:

Warning failed to load version: failed to parse version -dev+548a93a-dev+981c48321: No Major.Minor.Patch elements found
Using SHAs from PULL_REFS=master:24cfb8086af95a2187699ecebd5ba2c42527b651,3586:fe51c87a90c55bce4ac01d46ff58c9e8d26d922f
ran git fetch --unshallow origin fe51c87a90c55bce4ac01d46ff58c9e8d26d922f: 24cfb8086af95a2187699ecebd5ba2c42527b651: in 
ran git checkout master in 
ran git reset --hard 24cfb8086af95a2187699ecebd5ba2c42527b651 in 
ran clean --force -d . in 
ran git merge fe51c87a90c55bce4ac01d46ff58c9e8d26d922f in 
Step: build-step-init-**:

Created user fake API Token for Git server GitHub at https://github.com
Step: build-step-init-helm:

Creating /builder/home/.helm 
Creating /builder/home/.helm/repository 
Creating /builder/home/.helm/repository/cache 
Creating /builder/home/.helm/repository/local 
Creating /builder/home/.helm/plugins 
Creating /builder/home/.helm/starters 
Creating /builder/home/.helm/cache/archive 
Creating /builder/home/.helm/repository/repositories.yaml 
Adding stable repo with URL: https://kubernetes-charts.storage.googleapis.com 
Adding local repo with URL: http://127.0.0.1:8879/charts 
$HELM_HOME has been configured at /builder/home/.helm.
Not installing Tiller due to 'client-only' flag having been set
Happy Helming!
Step: build-step-lint:

Running validation scripts...
RUN hack/gofmt.sh
[0;32mPASSED[0m hack/gofmt.sh
RUN hack/linter.sh
Installing GolangCI-Lint
golangci/golangci-lint info checking GitHub for tag 'v1.15.0'
golangci/golangci-lint info found version: 1.15.0 for v1.15.0/linux/amd64
golangci/golangci-lint info installed /home/jenkins/go/bin/golangci-lint
level=error msg="Running error: context loading failed: failed to load program with go/packages: could not determine GOARCH and Go compiler"
[0;32mPASSED[0m hack/linter.sh
RUN hack/check-openapi.sh
go: finding github.com/googleapis/gnostic v0.1.0
go: finding github.com/knative/pkg v0.0.0-20181205230426-0e41760cea1d
go: finding github.com/peterbourgon/diskv v0.0.0-20171120014656-2973218375c3
go: finding github.com/hashicorp/golang-lru v0.0.0-20180201235237-0fb14efe8c47
go: finding github.com/mailru/easyjson v0.0.0-20171120080333-32fa128f234d
go: finding github.com/opencontainers/image-spec v1.0.1
go: finding github.com/deckarep/golang-set v0.0.0-20171013212420-1d4478f51bed
go: finding github.com/Microsoft/go-winio v0.4.6
go: finding github.com/google/go-github v0.0.0-20170604030111-7a51fb928f52
go: finding github.com/Azure/azure-storage-blob-go v0.0.0-20180507052152-66ba96e49ebb
go: finding github.com/Azure/azure-sdk-for-go v21.1.0+incompatible
go: finding k8s.io/kube-openapi v0.0.0-20180711000925-0cf8f7e6ed1d
go: finding golang.org/x/sys v0.0.0-20181004145325-8469e314837c
go: finding github.com/opencontainers/go-digest v1.0.0-rc1
go: finding github.com/go-openapi/jsonreference v0.0.0-20161105162150-36d33bfe519e
go: finding github.com/andygrunwald/go-gerrit v0.0.0-20171029143327-95b11af228a1
go: finding github.com/docker/go-connections v0.3.0
go: finding github.com/evanphx/json-patch v4.1.0+incompatible
go: finding github.com/mattn/go-sqlite3 v0.0.0-20160514122348-38ee283dabf1
go: finding github.com/docker/docker v0.0.0-20171206114025-5e5fadb3c020
go: finding github.com/google/uuid v1.0.0
go: finding github.com/xlab/handysort v0.0.0-20150421192137-fb3537ed64a1
go: finding github.com/shurcooL/githubv4 v0.0.0-20180925043049-51d7b505e2e9
go: finding github.com/denisenkom/go-mssqldb v0.0.0-20190111225525-2fea367d496d
go: finding gopkg.in/robfig/cron.v2 v2.0.0-20150107220207-be2e0b0deed5
go: finding github.com/jinzhu/gorm v0.0.0-20170316141641-572d0a0ab1eb
go: finding github.com/jinzhu/inflection v0.0.0-20151009084129-3272df6c21d0
go: finding github.com/NYTimes/gziphandler v0.0.0-20160419202541-63027b26b87e
go: finding github.com/go-openapi/spec v0.0.0-20171219195406-fa03337d7da5
go: finding cloud.google.com/go v0.30.0
go: finding github.com/gorilla/securecookie v1.1.1
go: finding google.golang.org/api v0.0.0-20181021000519-a2651947f503
go: finding github.com/gophercloud/gophercloud v0.0.0-20181215224939-bdd8b1ecd793
go: finding github.com/jinzhu/now v0.0.0-20181116074157-8ec929ed50c3
go: finding github.com/golang/groupcache v0.0.0-20180513044358-24b0969c4cb7
go: finding github.com/gregjones/httpcache v0.0.0-20160524185540-16db777d8ebe
go: finding github.com/Azure/go-autorest v10.15.5+incompatible
go: finding github.com/Azure/azure-pipeline-go v0.0.0-20180507050906-098e490af5dc
go: finding github.com/bazelbuild/buildtools v0.0.0-20180226164855-80c7f0d45d7e
go: finding github.com/go-openapi/swag v0.0.0-20171111214437-cf0bdb963811
go: finding github.com/influxdata/influxdb v0.0.0-20161215172503-049f9b42e9a5
go: finding vbom.ml/util v0.0.0-20170409195630-256737ac55c4
go: finding github.com/fsouza/fake-gcs-server v0.0.0-20180612165233-e85be23bdaa8
go: finding github.com/djherbis/atime v1.0.0
go: finding github.com/aws/aws-k8s-tester v0.0.0-20190114231546-b411acf57dfe
go: finding github.com/imdario/mergo v0.0.0-20180119215619-163f41321a19
go: finding github.com/hashicorp/go-multierror v0.0.0-20171204182908-b7773ae21874
go: finding github.com/google/go-querystring v0.0.0-20150414214848-547ef5ac9797
go: finding github.com/aws/aws-sdk-go v1.16.18
go: finding github.com/go-openapi/jsonpointer v0.0.0-20170102174223-779f45308c19
go: finding github.com/go-sql-driver/mysql v0.0.0-20160411075031-7ebe0a500653
go: finding github.com/hashicorp/errwrap v0.0.0-20141028054710-7554cd9344ce
go: finding github.com/docker/distribution v0.0.0-20170726174610-edc3ab29cdff
go: finding github.com/BurntSushi/toml v0.3.0
go: finding github.com/docker/go-units v0.3.2
go: finding github.com/satori/go.uuid v0.0.0-20160713180306-0aa62d5ddceb
go: finding github.com/gorilla/sessions v1.1.3
go: finding github.com/mattn/go-zglob v0.0.0-20180607075734-49693fbb3fe3
go: finding github.com/knative/build v0.2.0
go: finding github.com/bwmarrin/snowflake v0.0.0-20170221160716-02cc386c183a
go: finding github.com/erikstmartin/go-testdb v0.0.0-20160219214506-8d10e4a1bae5
go: finding github.com/qor/inflection v0.0.0-20180308033659-04140366298a
go: finding github.com/modern-go/reflect2 v1.0.1
go: finding github.com/knative/build v0.1.2
go: finding go.etcd.io/etcd v0.0.0-20181031231232-83304cfc808c
go: finding k8s.io/utils v0.0.0-20181019225348-5e321f9a457c
go: finding github.com/prometheus/common v0.0.0-20181020173914-7e9e6cabbd39
go: finding github.com/onsi/gomega v1.4.2
go: finding github.com/mitchellh/ioprogress v0.0.0-20180201004757-6a23b12fa88e
go: finding github.com/dustin/go-humanize v1.0.0
go: finding github.com/shurcooL/go v0.0.0-20180423040247-9e1955d9fb6e
go: finding github.com/go-yaml/yaml v2.1.0+incompatible
go: finding github.com/json-iterator/go v1.1.5
go: finding gopkg.in/fsnotify.v1 v1.4.7
go: finding github.com/shurcooL/graphql v0.0.0-20180924043259-e4a3a37e6d42
go: finding k8s.io/test-infra v0.0.0-20181019233642-2e10a0bbe9b3
go: finding gopkg.in/tomb.v1 v1.0.0-20141024135613-dd632973f1e7
go: finding github.com/ugorji/go v1.1.1
go: finding github.com/mattn/go-isatty v0.0.4
go: finding github.com/tmc/grpc-websocket-proxy v0.0.0-20170815181823-89b8d40f7ca8
go: finding github.com/prometheus/client_model v0.0.0-20170216185247-6f3806018612
go: finding github.com/matttproud/golang_protobuf_extensions v1.0.0
go: finding github.com/coreos/go-systemd v0.0.0-20180511133405-39ca1b05acc7
go: finding github.com/golang/groupcache v0.0.0-20160516000752-02826c3e7903
go: finding github.com/olekukonko/tablewriter v0.0.0-20170122224234-a0225b3f23b5
go: finding github.com/kr/pty v1.0.0
go: finding github.com/prometheus/procfs v0.0.0-20180612222113-7d6f385de8be
go: finding github.com/mattn/go-runewidth v0.0.2
go: finding github.com/coreos/pkg v0.0.0-20160727233714-3ac0863d7acf
go: finding golang.org/x/crypto v0.0.0-20180608092829-8ac0e0d97ce4
go: finding github.com/mattn/go-colorable v0.0.9
go: finding github.com/prometheus/common v0.0.0-20180518154759-7600349dcfe1
go: finding github.com/dustin/go-humanize v0.0.0-20171111073723-bb3d318650d4
go: finding gopkg.in/gemnasium/logrus-airbrake-hook.v2 v2.1.2
go: finding go.etcd.io/bbolt v1.3.1-etcd.7
go: finding github.com/bgentry/speakeasy v0.1.0
go: finding github.com/grpc-ecosystem/grpc-gateway v1.4.1
go: finding github.com/gorilla/websocket v0.0.0-20170926233335-4201258b820c
go: finding gopkg.in/cheggaaa/pb.v1 v1.0.25
go: finding gopkg.in/airbrake/gobrake.v2 v2.0.9
go: finding google.golang.org/genproto v0.0.0-20180608181217-32ee49c4dd80
go: finding github.com/urfave/cli v1.18.0
CGO_ENABLED=0 GO111MODULE=on go build  -o build/codegen cmd/codegen/codegen.go
go: downloading github.com/spf13/cobra v0.0.3
go: downloading k8s.io/kube-openapi v0.0.0-20180719232738-d8ea2fe547a4
go: downloading github.com/go-openapi/spec v0.17.1
go: downloading github.com/sirupsen/logrus v1.2.0
go: downloading github.com/fatih/structs v1.0.0
go: downloading github.com/cenkalti/backoff v2.0.0+incompatible
go: downloading k8s.io/api v0.0.0-20181128191700-6db15a15d2d3
go: downloading gopkg.in/src-d/go-git.v4 v4.5.0
go: downloading k8s.io/apiextensions-apiserver v0.0.0-20181128195303-1f84094d7e8e
go: downloading k8s.io/apimachinery v0.0.0-20190122181752-bebe27e40fb7
go: downloading github.com/tektoncd/pipeline v0.0.0-20190327171839-7c43fbae2816
go: downloading github.com/jenkins-x/sonobuoy v0.11.7-0.20190318120422-253758214767
go: downloading github.com/chromedp/cdproto v0.0.0-20180720050708-57cf4773008d
go: downloading github.com/onsi/ginkgo v1.6.0
go: downloading github.com/hpcloud/tail v1.0.0
go: downloading k8s.io/client-go v2.0.0-alpha.0.0.20190115164855-701b91367003+incompatible
go: downloading github.com/alexflint/go-filemutex v0.0.0-20171028004239-d358565f3c3f
go: downloading github.com/shirou/gopsutil v0.0.0-20180901134234-eb1f1ab16f2e
go: downloading github.com/pborman/uuid v0.0.0-20170612153648-e790cca94e6c
go: downloading github.com/knative/pkg v0.0.0-20190402181056-ff46edef0ae5
go: downloading github.com/chromedp/chromedp v0.1.1
go: downloading k8s.io/test-infra v0.0.0-20190131093439-a22cef183a8f
go: downloading github.com/knative/serving v0.5.0
go: downloading github.com/stoewer/go-strcase v1.0.1
go: downloading github.com/gorilla/mux v1.6.2
go: downloading github.com/satori/go.uuid v1.2.1-0.20180103174451-36e9d2ebbde5
go: downloading github.com/jenkins-x/draft-repo v0.0.0-20180417100212-2f66cc518135
go: downloading golang.org/x/sys v0.0.0-20190130150945-aca44879d564
go: downloading github.com/knative/build v0.5.0
go: downloading github.com/google/go-github v17.0.0+incompatible
go: downloading github.com/knq/sysutil v0.0.0-20180306023629-0218e141a794
go: downloading golang.org/x/net v0.0.0-20181201002055-351d144fa1fc
go: downloading github.com/denormal/go-gitignore v0.0.0-20180713143441-75ce8f3e513c
go: downloading github.com/google/gofuzz v0.0.0-20170612174753-24818f796faf
go: downloading github.com/codeship/codeship-go v0.0.0-20180717142545-7793ca823354
go: downloading github.com/danwakefield/fnmatch v0.0.0-20160403171240-cbb64ac3d964
go: downloading github.com/emirpasic/gods v1.9.0
go: downloading golang.org/x/crypto v0.0.0-20181203042331-505ab145d0a9
go: downloading github.com/gogo/protobuf v1.1.1
go: downloading github.com/go-openapi/jsonpointer v0.17.0
go: downloading github.com/mailru/easyjson v0.0.0-20180823135443-60711f1a8329
go: downloading github.com/hashicorp/vault v0.11.4
go: downloading gopkg.in/AlecAivazis/survey.v1 v1.6.2
go: downloading github.com/hashicorp/go-version v0.0.0-20180716215031-270f2f71b1ee
go: downloading github.com/IBM-Cloud/bluemix-go v0.0.0-20181008063305-d718d474c7c2
go: downloading github.com/pkg/browser v0.0.0-20170505125900-c90ca0c84f15
go: downloading github.com/Pallinder/go-randomdata v0.0.0-20180616180521-15df0648130a
go: downloading github.com/ghodss/yaml v1.0.0
go: downloading golang.org/x/sync v0.0.0-20181221193216-37e7f081c4d4
go: downloading github.com/russross/blackfriday v1.5.1
go: downloading github.com/fatih/color v1.7.0
go: downloading github.com/pkg/errors v0.8.0
go: downloading gopkg.in/fsnotify.v1 v1.4.7
go: downloading gocloud.dev v0.9.0
go: downloading github.com/sergi/go-diff v1.0.0
go: downloading github.com/banzaicloud/bank-vaults v0.0.0-20181129101211-e31657d7c4fe
go: downloading github.com/antham/chyle v1.4.0
go: downloading github.com/kballard/go-shellquote v0.0.0-20180428030007-95032a82bc51
go: downloading github.com/jetstack/cert-manager v0.5.2
go: downloading github.com/json-iterator/go v1.1.5
go: downloading github.com/gregjones/httpcache v0.0.0-20180305231024-9cad4c3443a7
go: downloading github.com/aws/aws-sdk-go v1.17.10
go: downloading github.com/spf13/pflag v1.0.3
go: downloading github.com/google/go-querystring v0.0.0-20170111101155-53e6ce116135
go: downloading github.com/disintegration/imaging v1.4.2
go: downloading github.com/Azure/draft v0.15.0
go: downloading github.com/blang/semver v3.5.1+incompatible
go: downloading github.com/MakeNowJust/heredoc v0.0.0-20171113091838-e9091a26100e
go: downloading gopkg.in/yaml.v2 v2.2.1
go: downloading golang.org/x/time v0.0.0-20180412165947-fbb02b2291d2
go: downloading github.com/cpuguy83/go-md2man v1.0.8
go: downloading github.com/go-openapi/jsonreference v0.17.0
go: downloading github.com/imdario/mergo v0.3.6
go: downloading code.gitea.io/sdk v0.0.0-20180702024448-79a281c4e34a
go: downloading github.com/go-openapi/swag v0.17.0
go: downloading github.com/andygrunwald/go-gerrit v0.0.0-20181026193842-43cfd7a94eb4
go: downloading gopkg.in/tomb.v1 v1.0.0-20141024135613-dd632973f1e7
go: downloading github.com/jbenet/go-context v0.0.0-20150711004518-d14ea06fba99
go: downloading cloud.google.com/go v0.34.0
go: downloading golang.org/x/oauth2 v0.0.0-20181203162652-d668ce993890
go: downloading google.golang.org/api v0.1.0
go: downloading github.com/evanphx/json-patch v4.1.0+incompatible
go: downloading github.com/PuerkitoBio/purell v1.1.0
go: downloading github.com/rifflock/lfshook v0.0.0-20180227222202-bf539943797a
go: downloading github.com/mitchellh/mapstructure v0.0.0-20180715050151-f15292f7a699
go: downloading github.com/googleapis/gnostic v0.2.0
go: downloading github.com/spf13/viper v1.0.2
go: downloading github.com/xanzy/go-gitlab v0.0.0-20180814191223-f3bc634ab936
go: downloading github.com/prometheus/client_golang v0.9.1
go: downloading github.com/hashicorp/go-rootcerts v0.0.0-20160503143440-6bb64b370b90
go: downloading github.com/google/wire v0.2.0
go: downloading github.com/mattbaird/jsonpatch v0.0.0-20171005235357-81af80346b1a
go: downloading github.com/mattn/go-colorable v0.0.9
go: downloading github.com/magiconair/properties v1.8.0
go: downloading github.com/golang/glog v0.0.0-20160126235308-23def4e6c14b
go: downloading github.com/viniciuschiele/tarx v0.0.0-20151205142357-6e3da540444d
go: downloading github.com/hashicorp/go-retryablehttp v0.0.0-20180718195005-e651d75abec6
go: downloading github.com/spf13/jwalterweatherman v0.0.0-20180109140146-7c0cea34c8ec
go: downloading google.golang.org/grpc v1.17.0
go: downloading github.com/golang/protobuf v1.2.0
go: downloading gopkg.in/src-d/go-billy.v4 v4.2.0
go: downloading github.com/gorilla/websocket v1.4.0
go: downloading github.com/peterbourgon/diskv v2.0.1+incompatible
go: downloading github.com/prometheus/procfs v0.0.0-20181005140218-185b4288413d
go: downloading github.com/modern-go/concurrent v0.0.0-20180306012644-bacd9c7ef1dd
go: downloading github.com/hashicorp/hcl v0.0.0-20180404174102-ef8a98b0bbce
go: downloading github.com/mholt/archiver v3.1.1+incompatible
go: downloading github.com/gfleury/go-bitbucket-v1 v0.0.0-20190216152406-3a732135aa4d
go: downloading golang.org/x/image v0.0.0-20180708004352-c73c2afc3b81
go: downloading github.com/hashicorp/go-sockaddr v1.0.0
go: downloading github.com/beorn7/perks v0.0.0-20180321164747-3a771d992973
go: downloading github.com/c2h5oh/datasize v0.0.0-20171227191756-4eba002a5eae
go: downloading github.com/andygrunwald/go-jira v1.5.0
go: downloading github.com/operator-framework/operator-sdk v0.0.0-20181011175812-913cbf711929
go: downloading go.opencensus.io v0.18.0
go: downloading github.com/prometheus/client_model v0.0.0-20180712105110-5c3871d89910
go: downloading github.com/Azure/azure-storage-blob-go v0.0.0-20181023070848-cf01652132cc
go: downloading github.com/hashicorp/go-multierror v1.0.0
go: downloading github.com/google/go-containerregistry v0.0.0-20190317040536-ebbba8469d06
go: downloading github.com/sethvargo/go-password v0.1.2
go: downloading github.com/rodaine/hclencoder v0.0.0-20180926060551-0680c4321930
go: downloading github.com/wbrefvem/go-bitbucket v0.0.0-20190128183802-fc08fd046abb
go: downloading github.com/PuerkitoBio/urlesc v0.0.0-20170810143723-de5bf2ad4578
go: downloading github.com/trivago/tgo v1.0.1
go: downloading github.com/spf13/cast v1.2.0
go: downloading github.com/spf13/afero v1.1.1
go: downloading github.com/beevik/etree v1.0.1
go: downloading github.com/docker/spdystream v0.0.0-20170912183627-bc6354cbbc29
go: downloading github.com/prometheus/common v0.2.0
go: downloading golang.org/x/text v0.3.0
go: downloading github.com/emicklei/go-restful v2.8.0+incompatible
go: downloading github.com/pelletier/go-toml v1.2.0
go: downloading sigs.k8s.io/yaml v1.1.0
go: downloading github.com/Azure/azure-pipeline-go v0.1.8
go: downloading gopkg.in/robfig/cron.v2 v2.0.0-20150107220207-be2e0b0deed5
go: downloading github.com/hashicorp/errwrap v1.0.0
go: downloading github.com/google/uuid v1.1.0
go: downloading github.com/jmespath/go-jmespath v0.0.0-20180206201540-c2b33e8439af
go: downloading github.com/iancoleman/orderedmap v0.0.0-20181121102841-22c6ecc9fe13
go: downloading github.com/stretchr/testify v1.3.0
go: downloading github.com/Azure/go-autorest v10.15.5+incompatible
go: downloading github.com/nlopes/slack v0.0.0-20180721202243-347a74b1ea30
go: downloading github.com/jenkins-x/golang-jenkins v0.0.0-20180919102630-65b83ad42314
go: downloading github.com/src-d/gcfg v1.3.0
go: downloading github.com/ulikunitz/xz v0.5.6
go: downloading github.com/fsnotify/fsnotify v1.4.7
go: downloading google.golang.org/genproto v0.0.0-20190219182410-082222b4a5c5
go: downloading github.com/modern-go/reflect2 v1.0.1
go: downloading github.com/ryanuber/go-glob v0.0.0-20170128012129-256dc444b735
go: downloading github.com/mgutz/ansi v0.0.0-20170206155736-9520e82c474b
go: downloading github.com/shurcooL/githubv4 v0.0.0-20180925043049-51d7b505e2e9
go: downloading github.com/mattn/go-isatty v0.0.4
go: downloading github.com/dgrijalva/jwt-go v3.2.0+incompatible
go: downloading k8s.io/helm v2.7.2+incompatible
go: downloading github.com/golang/snappy v0.0.0-20180518054509-2e65f85255db
go: downloading github.com/nwaples/rardecode v1.0.0
go: downloading github.com/hashicorp/golang-lru v0.5.0
go: downloading github.com/hashicorp/go-cleanhttp v0.5.0
go: downloading github.com/davecgh/go-spew v1.1.1
go: downloading github.com/gorilla/sessions v1.1.3
go: downloading k8s.io/metrics v0.0.0-20181128195641-3954d62a524d
go: downloading github.com/Jeffail/gabs v1.1.1
go: downloading github.com/gophercloud/gophercloud v0.0.0-20181215224939-bdd8b1ecd793
go: downloading github.com/shurcooL/graphql v0.0.0-20180924043259-e4a3a37e6d42
go: downloading github.com/googleapis/gax-go v2.0.0+incompatible
go: downloading github.com/jbrukh/bayesian v0.0.0-20161210175230-bf3f261f9a9c
go: downloading github.com/gorilla/securecookie v1.1.1
go: downloading github.com/BurntSushi/toml v0.3.0
go: downloading github.com/shurcooL/go v0.0.0-20180423040247-9e1955d9fb6e
go: downloading github.com/pierrec/lz4 v2.0.5+incompatible
go: downloading github.com/google/btree v0.0.0-20180813153112-4030bb1f1f0c
go: downloading github.com/mitchellh/go-homedir v0.0.0-20180523094522-3864e76763d9
go: downloading github.com/gorilla/context v1.1.1
go: downloading github.com/xanzy/ssh-agent v0.2.0
go: downloading github.com/gobwas/glob v0.2.3
go: downloading github.com/kevinburke/ssh_config v0.0.0-20180317175531-9fc7bb800b55
go: downloading gopkg.in/inf.v0 v0.9.1
go: downloading github.com/pmezard/go-difflib v1.0.0
go: downloading github.com/dsnet/compress v0.0.0-20171208185109-cc9eb1d7ad76
go: downloading github.com/xi2/xz v0.0.0-20171230120015-48954b6210f8
go: downloading gopkg.in/warnings.v0 v0.1.2
go: downloading github.com/matttproud/golang_protobuf_extensions v1.0.1
go: downloading github.com/pelletier/go-buffruneio v0.2.0
go: downloading github.com/google/go-cmp v0.2.0
go: downloading github.com/Masterminds/semver v1.4.2
go: finding k8s.io/api v0.0.0-20190126160303-ccdd560a045f
go: finding k8s.io/client-go v9.0.0+incompatible
go: finding github.com/heptio/sonobuoy v0.12.0
go: finding k8s.io/metrics v0.0.0-20180620010437-b11cf31b380b
Generating OpenAPI structs for Kubernetes Clients
./build/codegen openapi --output-package=pkg/client --input-package=github.com/jenkins-x/**/pkg/apis --group-with-version=jenkins.io:v1
error: ensuring GOPATH is set correctly: input /workspace/source/github.com/jenkins-x/**/pkg/apis is not in GOPATH (/home/jenkins/go)
make: *** [generate-openapi] Error 1
[0;32mPASSED[0m hack/check-openapi.sh
Step: build-step-source-mkdir-jenkins-x-**-pr-3586-lint-qhx6l:

{"level":"warn","ts":1554903416.1647813,"logger":"fallback-logger","caller":"logging/config.go:65","msg":"Fetch GitHub commit ID from kodata failed: open /var/run/ko/HEAD: no such file or directory"}
{"level":"info","ts":1554903416.2079368,"logger":"fallback-logger","caller":"bash/main.go:65","msg":"Successfully executed command \"mkdir -p /pvc/ci/workspace\""}
Step: build-step-source-copy-jenkins-x-**-pr-3586-lint-6s4lj:

{"level":"warn","ts":1554903416.9836948,"logger":"fallback-logger","caller":"logging/config.go:65","msg":"Fetch GitHub commit ID from kodata failed: open /var/run/ko/HEAD: no such file or directory"}
{"level":"info","ts":1554903419.4683533,"logger":"fallback-logger","caller":"bash/main.go:65","msg":"Successfully executed command \"cp -r /workspace/source/. /pvc/ci/workspace\""}
