Step: build-step-credential-initializer-fk**k:

{"level":"warn","ts":1554911431.1115737,"logger":"fallback-logger","caller":"logging/config.go:65","msg":"Fetch GitHub commit ID from kodata failed: \"ref: refs/heads/backport-container-name-fix\" is not a valid GitHub commit ID"}
{"level":"info","ts":1554911431.1496239,"logger":"fallback-logger","caller":"creds-init/main.go:40","msg":"Credentials initialized."}
Step: build-step-git-source-jenkins-x-homebrew-**-pr-1199-t-5mwvj:

{"level":"warn","ts":1554911433.03142,"logger":"fallback-logger","caller":"logging/config.go:65","msg":"Fetch GitHub commit ID from kodata failed: \"ref: refs/heads/backport-container-name-fix\" is not a valid GitHub commit ID"}
{"level":"info","ts":1554911435.136852,"logger":"fallback-logger","caller":"git-init/main.go:99","msg":"Successfully cloned \"https://github.com/jenkins-x/homebrew-**\" @ \"91bab90d4add5fe3fcd8a2f2da7f2177c7292642\" in path \"/workspace/source\""}
Step: build-step-place-tools:

Step: build-step-git-merge:

Warning failed to load version: failed to parse version -dev+548a93a-dev+981c48321: No Major.Minor.Patch elements found
Using SHAs from PULL_REFS=master:d5df4b4bd6c7a4e23bb8463cc8532d66e0d700e3,1199:91bab90d4add5fe3fcd8a2f2da7f2177c7292642
ran git fetch --unshallow origin 91bab90d4add5fe3fcd8a2f2da7f2177c7292642: d5df4b4bd6c7a4e23bb8463cc8532d66e0d700e3: in 
ran git checkout master in 
ran git reset --hard d5df4b4bd6c7a4e23bb8463cc8532d66e0d700e3 in 
ran clean --force -d . in 
ran git merge 91bab90d4add5fe3fcd8a2f2da7f2177c7292642 in 
Step: build-step-build-dummy-build:

PR
Step: build-step-source-mkdir-jenkins-x-homebrew-**-pr-1199-t-cqh4w:

{"level":"warn","ts":1554911445.7895253,"logger":"fallback-logger","caller":"logging/config.go:65","msg":"Fetch GitHub commit ID from kodata failed: open /var/run/ko/HEAD: no such file or directory"}
{"level":"info","ts":1554911445.844456,"logger":"fallback-logger","caller":"bash/main.go:65","msg":"Successfully executed command \"mkdir -p /pvc/from-build-pack/workspace\""}
Step: build-step-source-copy-jenkins-x-homebrew-**-pr-1199-t-qm46l:

{"level":"warn","ts":1554911446.866671,"logger":"fallback-logger","caller":"logging/config.go:65","msg":"Fetch GitHub commit ID from kodata failed: open /var/run/ko/HEAD: no such file or directory"}
{"level":"info","ts":1554911446.874475,"logger":"fallback-logger","caller":"bash/main.go:65","msg":"Successfully executed command \"cp -r /workspace/source/. /pvc/from-build-pack/workspace\""}
