Step: build-step-credential-initializer-cw4jh:

{"level":"warn","ts":1565210144.4276717,"logger":"fallback-logger","caller":"logging/config.go:65","msg":"Fetch GitHub commit ID from kodata failed: \"ref: refs/heads/master\" is not a valid GitHub commit ID"}
{"level":"info","ts":1565210144.4282768,"logger":"fallback-logger","caller":"creds-init/main.go:40","msg":"Credentials initialized."}
Step: build-step-working-dir-initializer-glktn:

{"level":"warn","ts":1565210145.1067736,"logger":"fallback-logger","caller":"logging/config.go:65","msg":"Fetch GitHub commit ID from kodata failed: open /var/run/ko/HEAD: no such file or directory"}
{"level":"info","ts":1565210145.1118681,"logger":"fallback-logger","caller":"bash/main.go:65","msg":"Successfully executed command \"mkdir -p /workspace/source\""}
Step: build-step-place-tools:

Step: build-step-git-source-jenkins-x-charts-prow-master-te-hq2st:

{"level":"warn","ts":1565210147.3412833,"logger":"fallback-logger","caller":"logging/config.go:65","msg":"Fetch GitHub commit ID from kodata failed: \"ref: refs/heads/master\" is not a valid GitHub commit ID"}
{"level":"info","ts":1565210148.881782,"logger":"fallback-logger","caller":"git/git.go:102","msg":"Successfully cloned https://github.com/jenkins-x-charts/prow @ v0.0.988 in path /workspace/source"}
Step: build-step-git-merge:

Warning failed to load version: failed to parse version -dev+9e73adc0b: No Major.Minor.Patch elements found
time="2019-08-07T20:35:49Z" level=info msg="got "
Using SHAs from PULL_REFS=master:d8a61bbc4e043ec33c490cc22e8dc02fd921a7de
time="2019-08-07T20:35:49Z" level=warning msg="no SHAs to merge, falling back to initial cloned commit"
Step: build-step-setup-**-git-credentials:

Generated Git credentials file /builder/home/git/credentials
Step: build-step-build-basic-auth-username:

/builder/home/basic-auth-user.json
Step: build-step-build-basic-auth-password:

/builder/home/basic-auth-pass.json
Step: build-step-build-release:

rm -rf prow/charts
rm -rf prow/prow*.tgz
rm -rf prow/requirements.lock
helm init --client-only
Creating /builder/home/.helm 
Creating /builder/home/.helm/repository 
Creating /builder/home/.helm/repository/cache 
Creating /builder/home/.helm/repository/local 
Creating /builder/home/.helm/plugins 
Creating /builder/home/.helm/starters 
Creating /builder/home/.helm/cache/archive 
Creating /builder/home/.helm/repository/repositories.yaml 
Adding stable repo with URL: https://kubernetes-charts.storage.googleapis.com 
Adding local repo with URL: http://127.0.0.1:8879/charts 
$HELM_HOME has been configured at /builder/home/.helm.
Not installing Tiller due to 'client-only' flag having been set
helm repo add jenkins-x http://chartmuseum.jenkins-x.io 	
"jenkins-x" has been added to your repositories
helm dependency build prow
No requirements found in prow/charts.
helm lint prow
==> Linting prow
Lint OK

1 chart(s) linted, no failures
sed -i -e "s/version:.*/version: 0.0.988/" prow/Chart.yaml
helm package prow
Successfully packaged chart and saved it to: /workspace/source/prow-0.0.988.tgz
curl --fail -u *****:************ --data-binary "@prow-0.0.988.tgz" http://jenkins-x-chartmuseum:8080/api/charts
  % Total    % Received % Xferd  Average Speed   Time    Time     Time  Current
                                 Dload  Upload   Total   Spent    Left  Speed
  0     0    0     0    0     0      0      0 --:--:-- --:--:-- --:--:--     0100  7348  100    14  100  7334     47  24905 --:--:-- --:--:-- --:--:-- 24861100  7348  100    14  100  7334     47  24893 --:--:-- --:--:-- --:--:-- 24861
{"saved":true}rm -rf prow*.tgz
** step changelog  --verbose --version 0.0.988 --rev d8a61bbc4e043ec33c490cc22e8dc02fd921a7de
Converted /workspace/source to an unshallow repository
DEBUG: Using helmBinary helm with feature flag: template-mode
Generating change log from git ref 6771f3438f8d4192b1610fe940191021cb29f66f => d8a61bbc4e043ec33c490cc22e8dc02fd921a7de
DEBUG: merging pipeline secrets with local secrets
DEBUG: merging pipeline secrets with local secrets
DEBUG: Found commits:
DEBUG:   commit d8a61bbc4e043ec33c490cc22e8dc02fd921a7de
DEBUG:   Author: ************* <35031835+*************@users.noreply.github.com>
DEBUG:   Date: Wed Aug  7 21:33:13 2019
DEBUG:       
Merge pull request #986 from *************/bump-chart-version-1503b4c5-b952-11e9-b422-e6f1b82247c4

chore(deps): bump https://github.com/jenkins-x/jenkins-x-builders


DEBUG:   commit db92344ac85428a5904652675066d97587409fb9
DEBUG:   Author: ************* <jenkins-x@googlegroups.com>
DEBUG:   Date: Wed Aug  7 20:30:34 2019
DEBUG:       chore(deps): bump https://github.com/jenkins-x/jenkins-x-builders from 0.1.635 to 0.1.637

Command run was `** step create pr regex --regex (?m)^\s+repository: gcr.io/jenkinsxio/builder-maven\s+tag: (?P<version>.*) --version 0.1.637 --files prow/values.yaml --files environment-controller/values.yaml --repo https://github.com/jenkins-x-charts/prow.git --repo https://github.com/jenkins-x-charts/environment-controller.git`



DEBUG:   commit dc1472b10979d62c8d8c029525730eb1afe9aa47
DEBUG:   Author: ************* <jenkins-x@googlegroups.com>
DEBUG:   Date: Wed Aug  7 20:29:40 2019
DEBUG:       chore(deps): bump https://github.com/jenkins-x/jenkins-x-builders to 0.1.637

Command run was `** step create pr chart --name gcr.io/jenkinsxio/builder-maven --version 0.1.637 --repo https://github.com/jenkins-x-charts/environment-controller.git --repo https://github.com/jenkins-x-charts/prow.git`



WARNING: Failed to enrich commit db92344ac85428a5904652675066d97587409fb9 with issues: users.jenkins.io "x-0" already exists
WARNING: Failed to enrich commit db92344ac85428a5904652675066d97587409fb9 with issues: users.jenkins.io "x-0" already exists
DEBUG: merging pipeline secrets with local secrets
Finding issues in commit messages using git format
WARNING: Failed to enrich commit dc1472b10979d62c8d8c029525730eb1afe9aa47 with issues: users.jenkins.io "x-0" already exists
WARNING: Failed to enrich commit dc1472b10979d62c8d8c029525730eb1afe9aa47 with issues: users.jenkins.io "x-0" already exists
DEBUG: Generated release notes:

## Changes

### Chores

* deps: bump https://github.com/jenkins-x/jenkins-x-builders from 0.1.635 to 0.1.637
* deps: bump https://github.com/jenkins-x/jenkins-x-builders to 0.1.637

### Dependency Updates

| Dependency | Component | New Version | Old Version |
| ---------- | --------- | ----------- | ----------- |
| [jenkins-x/jenkins-x-builders](https://github.com/jenkins-x/jenkins-x-builders) |  | [0.1.637](https://github.com/jenkins-x/jenkins-x-builders/releases/tag/v0.1.637) | [0.1.635](https://github.com/jenkins-x/jenkins-x-builders/releases/tag/v0.1.635)|

WARNING: No release found for jenkins-x-charts/prow and tag v0.0.988 so creating a new release
Updated the release information at https://github.com/jenkins-x-charts/prow/releases/tag/v0.0.988
Uploaded /workspace/source/dependency-matrix/matrix.yaml to release asset https://github.com/jenkins-x-charts/prow/releases/download/v0.0.988/dependency-matrix.yaml
Uploaded dependency-updates.yaml to release asset https://github.com/jenkins-x-charts/prow/releases/download/v0.0.988/dependency-updates.yaml
generated: /workspace/source/prow/templates/release.yaml
Created Release prow-0-0-988 resource in namespace **
Updating PipelineActivity jenkins-x-charts-prow-master-520 with version 0.0.988
Updated PipelineActivities jenkins-x-charts-prow-master-520 with release notes URL: https://github.com/jenkins-x-charts/prow/releases/tag/v0.0.988
