Step: build-step-credential-initializer-mlqfx:

{"level":"warn","ts":1565211262.0695138,"logger":"fallback-logger","caller":"logging/config.go:65","msg":"Fetch GitHub commit ID from kodata failed: \"ref: refs/heads/master\" is not a valid GitHub commit ID"}
{"level":"info","ts":1565211262.0731618,"logger":"fallback-logger","caller":"creds-init/main.go:40","msg":"Credentials initialized."}
Step: build-step-working-dir-initializer-8qmjr:

{"level":"warn","ts":1565211264.9858997,"logger":"fallback-logger","caller":"logging/config.go:65","msg":"Fetch GitHub commit ID from kodata failed: open /var/run/ko/HEAD: no such file or directory"}
{"level":"info","ts":1565211265.0750365,"logger":"fallback-logger","caller":"bash/main.go:65","msg":"Successfully executed command \"mkdir -p /workspace/source\""}
Step: build-step-place-tools:

Step: build-step-git-source-jenkins-x-charts-prow-master-te-z4kf5:

{"level":"warn","ts":1565211301.144522,"logger":"fallback-logger","caller":"logging/config.go:65","msg":"Fetch GitHub commit ID from kodata failed: \"ref: refs/heads/master\" is not a valid GitHub commit ID"}
{"level":"info","ts":1565211305.7709472,"logger":"fallback-logger","caller":"git/git.go:102","msg":"Successfully cloned https://github.com/jenkins-x-charts/prow @ v0.0.989 in path /workspace/source"}
Step: build-step-git-merge:

Warning failed to load version: failed to parse version -dev+9e73adc0b: No Major.Minor.Patch elements found
time="2019-08-07T20:55:08Z" level=info msg="got "
Using SHAs from PULL_REFS=master:3ec4c887fa4f4f09a4af468045afc80dd55b8d7d
time="2019-08-07T20:55:08Z" level=warning msg="no SHAs to merge, falling back to initial cloned commit"
Step: build-step-setup-**-git-credentials:

Generated Git credentials file /builder/home/git/credentials
Step: build-step-build-basic-auth-username:

/builder/home/basic-auth-user.json
Step: build-step-build-basic-auth-password:

/builder/home/basic-auth-pass.json
Step: build-step-build-release:

rm -rf prow/charts
rm -rf prow/prow*.tgz
rm -rf prow/requirements.lock
helm init --client-only
Creating /builder/home/.helm 
Creating /builder/home/.helm/repository 
Creating /builder/home/.helm/repository/cache 
Creating /builder/home/.helm/repository/local 
Creating /builder/home/.helm/plugins 
Creating /builder/home/.helm/starters 
Creating /builder/home/.helm/cache/archive 
Creating /builder/home/.helm/repository/repositories.yaml 
Adding stable repo with URL: https://kubernetes-charts.storage.googleapis.com 
Adding local repo with URL: http://127.0.0.1:8879/charts 
$HELM_HOME has been configured at /builder/home/.helm.
Not installing Tiller due to 'client-only' flag having been set
helm repo add jenkins-x http://chartmuseum.jenkins-x.io 	
"jenkins-x" has been added to your repositories
helm dependency build prow
No requirements found in prow/charts.
helm lint prow
==> Linting prow
Lint OK

1 chart(s) linted, no failures
sed -i -e "s/version:.*/version: 0.0.989/" prow/Chart.yaml
helm package prow
Successfully packaged chart and saved it to: /workspace/source/prow-0.0.989.tgz
curl --fail -u *****:************ --data-binary "@prow-0.0.989.tgz" http://jenkins-x-chartmuseum:8080/api/charts
  % Total    % Received % Xferd  Average Speed   Time    Time     Time  Current
                                 Dload  Upload   Total   Spent    Left  Speed
  0     0    0     0    0     0      0      0 --:--:-- --:--:-- --:--:--     0100  7349  100    14  100  7335     40  21119 --:--:-- --:--:-- --:--:-- 21138
{"saved":true}rm -rf prow*.tgz
** step changelog  --verbose --version 0.0.989 --rev 3ec4c887fa4f4f09a4af468045afc80dd55b8d7d
Converted /workspace/source to an unshallow repository
DEBUG: Using helmBinary helm with feature flag: template-mode
Generating change log from git ref 35dd3d4f3e365412906750450e40d67700239b1f => 3ec4c887fa4f4f09a4af468045afc80dd55b8d7d
DEBUG: merging pipeline secrets with local secrets
DEBUG: merging pipeline secrets with local secrets
DEBUG: Found commits:
DEBUG:   commit 3ec4c887fa4f4f09a4af468045afc80dd55b8d7d
DEBUG:   Author: ************* <35031835+*************@users.noreply.github.com>
DEBUG:   Date: Wed Aug  7 21:53:30 2019
DEBUG:       
Merge pull request #987 from *************/bump-regex-version-a80f7861-b954-11e9-815f-c2d45459c59d

chore(deps): bump https://github.com/jenkins-x/** from 2.0.567 to 2.0.568


DEBUG:   commit 1a0d5263e6171411846df84680925441bd3bdab3
DEBUG:   Author: ************* <jenkins-x@googlegroups.com>
DEBUG:   Date: Wed Aug  7 20:48:05 2019
DEBUG:       chore(deps): bump https://github.com/jenkins-x/** from 2.0.567 to 2.0.568

Command run was `./build/linux/** step create pr regex --regex \s***Tag:\s*(.*) --version 2.0.568 --files prow/values.yaml --repo https://github.com/jenkins-x-charts/prow.git`



WARNING: Failed to enrich commit 1a0d5263e6171411846df84680925441bd3bdab3 with issues: users.jenkins.io "x-0" already exists
WARNING: Failed to enrich commit 1a0d5263e6171411846df84680925441bd3bdab3 with issues: users.jenkins.io "x-0" already exists
DEBUG: merging pipeline secrets with local secrets
Finding issues in commit messages using git format
DEBUG: Generated release notes:

## Changes

### Chores

* deps: bump https://github.com/jenkins-x/** from 2.0.567 to 2.0.568

### Dependency Updates

| Dependency | Component | New Version | Old Version |
| ---------- | --------- | ----------- | ----------- |
| [jenkins-x/**](https://github.com/jenkins-x/**) |  | [2.0.568](https://github.com/jenkins-x/**/releases/tag/v2.0.568) | [2.0.567](https://github.com/jenkins-x/**/releases/tag/v2.0.567)|

WARNING: No release found for jenkins-x-charts/prow and tag v0.0.989 so creating a new release
Updated the release information at https://github.com/jenkins-x-charts/prow/releases/tag/v0.0.989
Uploaded /workspace/source/dependency-matrix/matrix.yaml to release asset https://github.com/jenkins-x-charts/prow/releases/download/v0.0.989/dependency-matrix.yaml
Uploaded dependency-updates.yaml to release asset https://github.com/jenkins-x-charts/prow/releases/download/v0.0.989/dependency-updates.yaml
generated: /workspace/source/prow/templates/release.yaml
Created Release prow-0-0-989 resource in namespace **
Updating PipelineActivity jenkins-x-charts-prow-master-521 with version 0.0.989
Updated PipelineActivities jenkins-x-charts-prow-master-521 with release notes URL: https://github.com/jenkins-x-charts/prow/releases/tag/v0.0.989
