Step: build-step-credential-initializer-zt5dn:

Unable to retrieve container logs for docker://ea09b4d6a90d035dce18f11a67e3c733b95c541a814f6932f61948854675596e
Step: build-step-working-dir-initializer-nkk6g:

Unable to retrieve container logs for docker://3e02a250ba6f73676072bb4925dbd24cba9da7496c0782051e064df6f588627b
Step: build-step-place-tools:

Unable to retrieve container logs for docker://8467e77ee1cbc779dbdcdc7197d34e73a027bfc28b23040f79a1a7bb6a713028
Step: build-step-git-source-jenkins-x-charts-prow-master-te-r7598:

{"level":"warn","ts":1565292368.0237603,"logger":"fallback-logger","caller":"logging/config.go:65","msg":"Fetch GitHub commit ID from kodata failed: \"ref: refs/heads/master\" is not a valid GitHub commit ID"}
{"level":"info","ts":1565292369.8674686,"logger":"fallback-logger","caller":"git/git.go:102","msg":"Successfully cloned https://github.com/jenkins-x-charts/prow @ v0.0.1000 in path /workspace/source"}
Step: build-step-git-merge:

Warning failed to load version: failed to parse version -dev+9e73adc0b: No Major.Minor.Patch elements found
time="2019-08-08T19:26:10Z" level=info msg="got "
time="2019-08-08T19:26:10Z" level=warning msg="no SHAs to merge, falling back to initial cloned commit"
Using SHAs from PULL_REFS=master:c6fb4906befd837f7332b76905e40380c96daa89
Step: build-step-setup-**-git-credentials:

Generated Git credentials file /builder/home/git/credentials
Step: build-step-build-basic-auth-username:

/builder/home/basic-auth-user.json
Step: build-step-build-basic-auth-password:

/builder/home/basic-auth-pass.json
Step: build-step-build-release:

rm -rf prow/charts
rm -rf prow/prow*.tgz
rm -rf prow/requirements.lock
helm init --client-only
Creating /builder/home/.helm 
Creating /builder/home/.helm/repository 
Creating /builder/home/.helm/repository/cache 
Creating /builder/home/.helm/repository/local 
Creating /builder/home/.helm/plugins 
Creating /builder/home/.helm/starters 
Creating /builder/home/.helm/cache/archive 
Creating /builder/home/.helm/repository/repositories.yaml 
Adding stable repo with URL: https://kubernetes-charts.storage.googleapis.com 
Adding local repo with URL: http://127.0.0.1:8879/charts 
$HELM_HOME has been configured at /builder/home/.helm.
Not installing Tiller due to 'client-only' flag having been set
helm repo add jenkins-x http://chartmuseum.jenkins-x.io 	
"jenkins-x" has been added to your repositories
helm dependency build prow
No requirements found in prow/charts.
helm lint prow
==> Linting prow
Lint OK

1 chart(s) linted, no failures
sed -i -e "s/version:.*/version: 0.0.1000/" prow/Chart.yaml
helm package prow
Successfully packaged chart and saved it to: /workspace/source/prow-0.0.1000.tgz
curl --fail -u *****:************ --data-binary "@prow-0.0.1000.tgz" http://jenkins-x-chartmuseum:8080/api/charts
  % Total    % Received % Xferd  Average Speed   Time    Time     Time  Current
                                 Dload  Upload   Total   Spent    Left  Speed
  0     0    0     0    0     0      0      0 --:--:-- --:--:-- --:--:--     0100  7366  100    14  100  7352     56  29641 --:--:-- --:--:-- --:--:-- 29765
{"saved":true}rm -rf prow*.tgz
** step changelog  --verbose --version 0.0.1000 --rev c6fb4906befd837f7332b76905e40380c96daa89
Converted /workspace/source to an unshallow repository
DEBUG: Using helmBinary helm with feature flag: template-mode
Generating change log from git ref 05a52ffd4bf0ca65456b330430498a8d65e1e9a4 => c6fb4906befd837f7332b76905e40380c96daa89
DEBUG: merging pipeline secrets with local secrets
DEBUG: merging pipeline secrets with local secrets
DEBUG: Found commits:
DEBUG:   commit c6fb4906befd837f7332b76905e40380c96daa89
DEBUG:   Author: ************* <35031835+*************@users.noreply.github.com>
DEBUG:   Date: Thu Aug  8 20:25:29 2019
DEBUG:       
Merge pull request #998 from *************/bump-chart-version-badd17cf-ba11-11e9-aadb-3692609b7de4

chore(deps): bump https://github.com/jenkins-x/jenkins-x-builders


DEBUG:   commit b94c4f9b77b1edab22705c7e5e64766d73158c97
DEBUG:   Author: ************* <jenkins-x@googlegroups.com>
DEBUG:   Date: Thu Aug  8 19:22:18 2019
DEBUG:       chore(deps): bump https://github.com/jenkins-x/jenkins-x-builders from 0.1.640 to 0.1.641

Command run was `** step create pr regex --regex (?m)^\s+repository: gcr.io/jenkinsxio/builder-maven\s+tag: (?P<version>.*) --version 0.1.641 --files prow/values.yaml --files environment-controller/values.yaml --repo https://github.com/jenkins-x-charts/prow.git --repo https://github.com/jenkins-x-charts/environment-controller.git`



DEBUG:   commit 204a4bbf61b2bc02c9787c8687d160bbd90590bd
DEBUG:   Author: ************* <jenkins-x@googlegroups.com>
DEBUG:   Date: Thu Aug  8 19:21:32 2019
DEBUG:       chore(deps): bump https://github.com/jenkins-x/jenkins-x-builders to 0.1.641

Command run was `** step create pr chart --name gcr.io/jenkinsxio/builder-maven --version 0.1.641 --repo https://github.com/jenkins-x-charts/environment-controller.git --repo https://github.com/jenkins-x-charts/prow.git`



WARNING: Failed to enrich commit b94c4f9b77b1edab22705c7e5e64766d73158c97 with issues: users.jenkins.io "x-0" already exists
WARNING: Failed to enrich commit b94c4f9b77b1edab22705c7e5e64766d73158c97 with issues: users.jenkins.io "x-0" already exists
DEBUG: merging pipeline secrets with local secrets
DEBUG: Dependency update yaml is updates:
- component: ""
  fromReleaseHTMLURL: https://github.com/jenkins-x/**/releases/tag/v2.0.573
  fromReleaseName: 2.0.573
  fromVersion: 2.0.573
  host: github.com
  owner: jenkins-x
  repo: **
  toReleaseHTMLURL: https://github.com/jenkins-x/**/releases/tag/v2.0.574
  toReleaseName: 2.0.574
  toVersion: 2.0.574
  url: https://github.com/jenkins-x/**
Finding issues in commit messages using git format
WARNING: Failed to enrich commit 204a4bbf61b2bc02c9787c8687d160bbd90590bd with issues: users.jenkins.io "x-0" already exists
WARNING: Failed to enrich commit 204a4bbf61b2bc02c9787c8687d160bbd90590bd with issues: users.jenkins.io "x-0" already exists
DEBUG: Generated release notes:

## Changes

### Chores

* deps: bump https://github.com/jenkins-x/jenkins-x-builders from 0.1.640 to 0.1.641
* deps: bump https://github.com/jenkins-x/jenkins-x-builders to 0.1.641

### Dependency Updates

| Dependency | Component | New Version | Old Version |
| ---------- | --------- | ----------- | ----------- |
| [jenkins-x/jenkins-x-builders](https://github.com/jenkins-x/jenkins-x-builders) |  | [0.1.641](https://github.com/jenkins-x/jenkins-x-builders/releases/tag/v0.1.641) | [0.1.640](https://github.com/jenkins-x/jenkins-x-builders/releases/tag/v0.1.640)|
| [jenkins-x/**](https://github.com/jenkins-x/**) |  | [0.1.641](https://github.com/jenkins-x/jenkins-x-builders/releases/tag/v0.1.641) | [2.0.573](https://github.com/jenkins-x/**/releases/tag/v2.0.573)|

WARNING: No release found for jenkins-x-charts/prow and tag v0.0.1000 so creating a new release
Updated the release information at https://github.com/jenkins-x-charts/prow/releases/tag/v0.0.1000
Uploaded /workspace/source/dependency-matrix/matrix.yaml to release asset https://github.com/jenkins-x-charts/prow/releases/download/v0.0.1000/dependency-matrix.yaml
Uploaded dependency-updates.yaml to release asset https://github.com/jenkins-x-charts/prow/releases/download/v0.0.1000/dependency-updates.yaml
generated: /workspace/source/prow/templates/release.yaml
Created Release prow-0-0-1000 resource in namespace **
Updating PipelineActivity jenkins-x-charts-prow-master-532 with version 0.0.1000
Updated PipelineActivities jenkins-x-charts-prow-master-532 with release notes URL: https://github.com/jenkins-x-charts/prow/releases/tag/v0.0.1000
