Step: build-step-credential-initializer-8j2sq:

{"level":"warn","ts":1565615706.2987232,"logger":"fallback-logger","caller":"logging/config.go:65","msg":"Fetch GitHub commit ID from kodata failed: \"ref: refs/heads/master\" is not a valid GitHub commit ID"}
{"level":"info","ts":1565615706.3460832,"logger":"fallback-logger","caller":"creds-init/main.go:40","msg":"Credentials initialized."}
Step: build-step-working-dir-initializer-bx9lz:

{"level":"warn","ts":1565615711.2916353,"logger":"fallback-logger","caller":"logging/config.go:65","msg":"Fetch GitHub commit ID from kodata failed: open /var/run/ko/HEAD: no such file or directory"}
{"level":"info","ts":1565615711.295376,"logger":"fallback-logger","caller":"bash/main.go:65","msg":"Successfully executed command \"mkdir -p /workspace/source\""}
Step: build-step-place-tools:

Step: build-step-git-source-jenkins-x-charts-prow-master-te-wrsfp:

{"level":"warn","ts":1565615795.7879236,"logger":"fallback-logger","caller":"logging/config.go:65","msg":"Fetch GitHub commit ID from kodata failed: \"ref: refs/heads/master\" is not a valid GitHub commit ID"}
{"level":"info","ts":1565615798.265003,"logger":"fallback-logger","caller":"git/git.go:102","msg":"Successfully cloned https://github.com/jenkins-x-charts/prow @ v0.0.1013 in path /workspace/source"}
Step: build-step-git-merge:

Warning failed to load version: failed to parse version -dev+9e73adc0b: No Major.Minor.Patch elements found
time="2019-08-12T13:16:42Z" level=info msg="got "
Using SHAs from PULL_REFS=master:e9c2a8c1c412b55880a7ed0176af53ad2efbfd8e
time="2019-08-12T13:16:42Z" level=warning msg="no SHAs to merge, falling back to initial cloned commit"
Step: build-step-setup-**-git-credentials:

Generated Git credentials file /builder/home/git/credentials
Step: build-step-build-basic-auth-username:

/builder/home/basic-auth-user.json
Step: build-step-build-basic-auth-password:

/builder/home/basic-auth-pass.json
Step: build-step-build-release:

rm -rf prow/charts
rm -rf prow/prow*.tgz
rm -rf prow/requirements.lock
helm init --client-only
Creating /builder/home/.helm 
Creating /builder/home/.helm/repository 
Creating /builder/home/.helm/repository/cache 
Creating /builder/home/.helm/repository/local 
Creating /builder/home/.helm/plugins 
Creating /builder/home/.helm/starters 
Creating /builder/home/.helm/cache/archive 
Creating /builder/home/.helm/repository/repositories.yaml 
Adding stable repo with URL: https://kubernetes-charts.storage.googleapis.com 
Adding local repo with URL: http://127.0.0.1:8879/charts 
$HELM_HOME has been configured at /builder/home/.helm.
Not installing Tiller due to 'client-only' flag having been set
helm repo add jenkins-x http://chartmuseum.jenkins-x.io 	
"jenkins-x" has been added to your repositories
helm dependency build prow
No requirements found in prow/charts.
helm lint prow
==> Linting prow
Lint OK

1 chart(s) linted, no failures
sed -i -e "s/version:.*/version: 0.0.1013/" prow/Chart.yaml
helm package prow
Successfully packaged chart and saved it to: /workspace/source/prow-0.0.1013.tgz
curl --fail -u *****:************ --data-binary "@prow-0.0.1013.tgz" http://jenkins-x-chartmuseum:8080/api/charts
  % Total    % Received % Xferd  Average Speed   Time    Time     Time  Current
                                 Dload  Upload   Total   Spent    Left  Speed
  0     0    0     0    0     0      0      0 --:--:-- --:--:-- --:--:--     0100  7367  100    14  100  7353     44  23205 --:--:-- --:--:-- --:--:-- 23195100  7367  100    14  100  7353     44  23194 --:--:-- --:--:-- --:--:-- 23195
{"saved":true}rm -rf prow*.tgz
** step changelog  --verbose --version 0.0.1013 --rev e9c2a8c1c412b55880a7ed0176af53ad2efbfd8e
Converted /workspace/source to an unshallow repository
DEBUG: Using helmBinary helm with feature flag: template-mode
Generating change log from git ref e77bc8aefa40819c5b163954f8f66c21dd03f1cb => e9c2a8c1c412b55880a7ed0176af53ad2efbfd8e
DEBUG: creating system vault for namespace **
DEBUG: getting vault name for namespace **
DEBUG: system vault name from config **-vault-tekton-mole
DEBUG: finding service url for **-vault-tekton-mole in namespace **
DEBUG: couldn't find service url, attempting to look up via ingress
DEBUG: found service url https://**-vault-tekton-mole.infra.jrawlings.co.uk
DEBUG: connecting to vault on https://**-vault-tekton-mole.infra.jrawlings.co.uk
DEBUG: merging pipeline secrets with local secrets
DEBUG: creating system vault for namespace **
DEBUG: getting vault name for namespace **
DEBUG: system vault name from config **-vault-tekton-mole
DEBUG: finding service url for **-vault-tekton-mole in namespace **
DEBUG: couldn't find service url, attempting to look up via ingress
DEBUG: found service url https://**-vault-tekton-mole.infra.jrawlings.co.uk
DEBUG: connecting to vault on https://**-vault-tekton-mole.infra.jrawlings.co.uk
DEBUG: merging pipeline secrets with local secrets
DEBUG: Found commits:
DEBUG:   commit e9c2a8c1c412b55880a7ed0176af53ad2efbfd8e
DEBUG:   Author: ************* <35031835+*************@users.noreply.github.com>
DEBUG:   Date: Mon Aug 12 14:09:30 2019
DEBUG:       
Merge pull request #1011 from *************/bump-regex-version-a6d28ca4-bcff-11e9-8952-ae50079b16f7

chore(deps): bump https://github.com/jenkins-x/** from 2.0.582 to 2.0.583


DEBUG:   commit 3095da47f621869a99d499d38a314e5a57a9a73d
DEBUG:   Author: ************* <jenkins-x@googlegroups.com>
DEBUG:   Date: Mon Aug 12 12:49:41 2019
DEBUG:       chore(deps): bump https://github.com/jenkins-x/** from 2.0.582 to 2.0.583

Command run was `./build/linux/** step create pr regex --regex \s***Tag:\s*(.*) --version 2.0.583 --files prow/values.yaml --repo https://github.com/jenkins-x-charts/prow.git`



WARNING: Failed to enrich commit 3095da47f621869a99d499d38a314e5a57a9a73d with issues: users.jenkins.io "x-0" already exists
WARNING: Failed to enrich commit 3095da47f621869a99d499d38a314e5a57a9a73d with issues: users.jenkins.io "x-0" already exists
DEBUG: creating system vault for namespace **
DEBUG: getting vault name for namespace **
DEBUG: system vault name from config **-vault-tekton-mole
DEBUG: finding service url for **-vault-tekton-mole in namespace **
DEBUG: couldn't find service url, attempting to look up via ingress
DEBUG: found service url https://**-vault-tekton-mole.infra.jrawlings.co.uk
DEBUG: connecting to vault on https://**-vault-tekton-mole.infra.jrawlings.co.uk
DEBUG: merging pipeline secrets with local secrets
Finding issues in commit messages using git format
DEBUG: Generated release notes:

## Changes

### Chores

* deps: bump https://github.com/jenkins-x/** from 2.0.582 to 2.0.583

### Dependency Updates

| Dependency | Component | New Version | Old Version |
| ---------- | --------- | ----------- | ----------- |
| [jenkins-x/**](https://github.com/jenkins-x/**) |  | [2.0.583](https://github.com/jenkins-x/**/releases/tag/v2.0.583) | [2.0.582](https://github.com/jenkins-x/**/releases/tag/v2.0.582)|

WARNING: No release found for jenkins-x-charts/prow and tag v0.0.1013 so creating a new release
Updated the release information at https://github.com/jenkins-x-charts/prow/releases/tag/v0.0.1013
Uploaded /workspace/source/dependency-matrix/matrix.yaml to release asset https://github.com/jenkins-x-charts/prow/releases/download/v0.0.1013/dependency-matrix.yaml
Uploaded dependency-updates.yaml to release asset https://github.com/jenkins-x-charts/prow/releases/download/v0.0.1013/dependency-updates.yaml
generated: /workspace/source/prow/templates/release.yaml
Created Release prow-0-0-1013 resource in namespace **
Updating PipelineActivity jenkins-x-charts-prow-master-545 with version 0.0.1013
Updated PipelineActivities jenkins-x-charts-prow-master-545 with release notes URL: https://github.com/jenkins-x-charts/prow/releases/tag/v0.0.1013
