Step: build-step-credential-initializer-44xk4:

{"level":"warn","ts":1554913195.8564858,"logger":"fallback-logger","caller":"logging/config.go:65","msg":"Fetch GitHub commit ID from kodata failed: \"ref: refs/heads/backport-container-name-fix\" is not a valid GitHub commit ID"}
{"level":"info","ts":1554913195.856975,"logger":"fallback-logger","caller":"creds-init/main.go:40","msg":"Credentials initialized."}
Step: build-step-git-source-jenkins-x-**-tutorial-pr-768-te-wvnzt:

{"level":"warn","ts":1554913196.9115388,"logger":"fallback-logger","caller":"logging/config.go:65","msg":"Fetch GitHub commit ID from kodata failed: \"ref: refs/heads/backport-container-name-fix\" is not a valid GitHub commit ID"}
{"level":"info","ts":1554913197.8364072,"logger":"fallback-logger","caller":"git-init/main.go:99","msg":"Successfully cloned \"https://github.com/jenkins-x/**-tutorial\" @ \"f193991857c05c5bc959fad8c36a042001d1bab3\" in path \"/workspace/source\""}
Step: build-step-place-tools:

Step: build-step-git-merge:

Warning failed to load version: failed to parse version -dev+548a93a-dev+981c48321: No Major.Minor.Patch elements found
Using SHAs from PULL_REFS=master:1fbe6b0b79fd3170bd0d830e0b17270fdf6f75da,768:f193991857c05c5bc959fad8c36a042001d1bab3
ran git fetch --unshallow origin f193991857c05c5bc959fad8c36a042001d1bab3: 1fbe6b0b79fd3170bd0d830e0b17270fdf6f75da: in 
ran git checkout master in 
ran git reset --hard 1fbe6b0b79fd3170bd0d830e0b17270fdf6f75da in 
ran clean --force -d . in 
ran git merge f193991857c05c5bc959fad8c36a042001d1bab3 in 
Step: build-step-build-dummy-build:

PR
Step: build-step-source-mkdir-jenkins-x-**-tutorial-pr-768-te-9vfj2:

{"level":"warn","ts":1554913285.5997927,"logger":"fallback-logger","caller":"logging/config.go:65","msg":"Fetch GitHub commit ID from kodata failed: open /var/run/ko/HEAD: no such file or directory"}
{"level":"info","ts":1554913285.6350324,"logger":"fallback-logger","caller":"bash/main.go:65","msg":"Successfully executed command \"mkdir -p /pvc/from-build-pack/workspace\""}
Step: build-step-source-copy-jenkins-x-**-tutorial-pr-768-te-7cnhj:

{"level":"warn","ts":1554913286.7048955,"logger":"fallback-logger","caller":"logging/config.go:65","msg":"Fetch GitHub commit ID from kodata failed: open /var/run/ko/HEAD: no such file or directory"}
{"level":"info","ts":1554913286.713792,"logger":"fallback-logger","caller":"bash/main.go:65","msg":"Successfully executed command \"cp -r /workspace/source/. /pvc/from-build-pack/workspace\""}
