Step: build-step-credential-initializer-g7nh2:

Unable to retrieve container logs for docker://fced29adae38ae7b8bc72ce56426d76651668e1c3dc48d688b3100aa86188c59
Step: build-step-working-dir-initializer-hhpw2:

Unable to retrieve container logs for docker://12af23776d54a81e54e7f855d56dcc643cbdb9383ccf955cee2b130d0b7a2554
Step: build-step-place-tools:

Unable to retrieve container logs for docker://a9bfff7063e6fb683abc1db55a4d027410a1c4e4ae4a857b95cb310b4488a329
Step: build-step-git-source-jenkins-x-charts-prow-pr-995-te-cbn4d:

{"level":"warn","ts":1565282443.7719934,"logger":"fallback-logger","caller":"logging/config.go:65","msg":"Fetch GitHub commit ID from kodata failed: \"ref: refs/heads/master\" is not a valid GitHub commit ID"}
{"level":"info","ts":1565282445.5300574,"logger":"fallback-logger","caller":"git/git.go:102","msg":"Successfully cloned https://github.com/jenkins-x-charts/prow @ 96b893c06acd40232a99de9a06cd88dedc069bfe in path /workspace/source"}
Step: build-step-git-merge:

Warning failed to load version: failed to parse version -dev+9e73adc0b: No Major.Minor.Patch elements found
time="2019-08-08T16:40:46Z" level=info msg="got "
Using SHAs from PULL_REFS=master:35f3bde4121c48ed0dd309be86c975952a895108,995:96b893c06acd40232a99de9a06cd88dedc069bfe
ran git fetch --unshallow origin 96b893c06acd40232a99de9a06cd88dedc069bfe: 35f3bde4121c48ed0dd309be86c975952a895108: in 
ran git checkout master in 
ran git reset --hard 35f3bde4121c48ed0dd309be86c975952a895108 in 
ran clean --force -d . in 
ran git merge 96b893c06acd40232a99de9a06cd88dedc069bfe in 
Step: build-step-build-build:

cat: /builder/home/basic-auth-user.json: No such file or directory
cat: /builder/home/basic-auth-pass.json: No such file or directory
rm -rf prow/charts
rm -rf prow/prow*.tgz
rm -rf prow/requirements.lock
helm init --client-only
Creating /builder/home/.helm 
Creating /builder/home/.helm/repository 
Creating /builder/home/.helm/repository/cache 
Creating /builder/home/.helm/repository/local 
Creating /builder/home/.helm/plugins 
Creating /builder/home/.helm/starters 
Creating /builder/home/.helm/cache/archive 
Creating /builder/home/.helm/repository/repositories.yaml 
Adding stable repo with URL: https://kubernetes-charts.storage.googleapis.com 
Adding local repo with URL: http://127.0.0.1:8879/charts 
$HELM_HOME has been configured at /builder/home/.helm.
Not installing Tiller due to 'client-only' flag having been set
helm repo add jenkins-x http://chartmuseum.jenkins-x.io 	
"jenkins-x" has been added to your repositories
helm dependency build prow
No requirements found in prow/charts.
helm lint prow
==> Linting prow
Lint OK

1 chart(s) linted, no failures
