Step: build-step-credential-initializer-j82v5:

Unable to retrieve container logs for docker://28b0a3b9eb27506634120984d8f625376b519d284cfee8158817b2def973242b
Step: build-step-working-dir-initializer-8pwgd:

Unable to retrieve container logs for docker://1b995b7a20ea3f7912005df740982f1dfe07e2aa4ec88c611c9fb196187dba4d
Step: build-step-place-tools:

Unable to retrieve container logs for docker://f6d03ed4efaa99362daf705c429e374ded8ec54007a40c379bd1680fe3d95b09
Step: build-step-git-source-jenkins-x-charts-prow-pr-996-te-qt2h5:

{"level":"warn","ts":1565287167.0661635,"logger":"fallback-logger","caller":"logging/config.go:65","msg":"Fetch GitHub commit ID from kodata failed: \"ref: refs/heads/master\" is not a valid GitHub commit ID"}
{"level":"info","ts":1565287168.5807621,"logger":"fallback-logger","caller":"git/git.go:102","msg":"Successfully cloned https://github.com/jenkins-x-charts/prow @ 0cb55badcd4f9461a47a213ad9d006f6ee8fc9fc in path /workspace/source"}
Step: build-step-git-merge:

Warning failed to load version: failed to parse version -dev+9e73adc0b: No Major.Minor.Patch elements found
time="2019-08-08T17:59:29Z" level=info msg="got "
Using SHAs from PULL_REFS=master:550ae06a5aede2d367d32b50c16e525a875554a6,996:0cb55badcd4f9461a47a213ad9d006f6ee8fc9fc
ran git fetch --unshallow origin 0cb55badcd4f9461a47a213ad9d006f6ee8fc9fc: 550ae06a5aede2d367d32b50c16e525a875554a6: in 
ran git checkout master in 
ran git reset --hard 550ae06a5aede2d367d32b50c16e525a875554a6 in 
ran clean --force -d . in 
ran git merge 0cb55badcd4f9461a47a213ad9d006f6ee8fc9fc in 
Step: build-step-build-build:

cat: /builder/home/basic-auth-user.json: No such file or directory
cat: /builder/home/basic-auth-pass.json: No such file or directory
rm -rf prow/charts
rm -rf prow/prow*.tgz
rm -rf prow/requirements.lock
helm init --client-only
Creating /builder/home/.helm 
Creating /builder/home/.helm/repository 
Creating /builder/home/.helm/repository/cache 
Creating /builder/home/.helm/repository/local 
Creating /builder/home/.helm/plugins 
Creating /builder/home/.helm/starters 
Creating /builder/home/.helm/cache/archive 
Creating /builder/home/.helm/repository/repositories.yaml 
Adding stable repo with URL: https://kubernetes-charts.storage.googleapis.com 
Adding local repo with URL: http://127.0.0.1:8879/charts 
$HELM_HOME has been configured at /builder/home/.helm.
Not installing Tiller due to 'client-only' flag having been set
helm repo add jenkins-x http://chartmuseum.jenkins-x.io 	
"jenkins-x" has been added to your repositories
helm dependency build prow
No requirements found in prow/charts.
helm lint prow
==> Linting prow
Lint OK

1 chart(s) linted, no failures
