Step: build-step-credential-initializer:

{"level":"warn","ts":1547210457.3799205,"logger":"fallback-logger","caller":"logging/config.go:65","msg":"Fetch GitHub commit ID from kodata failed: \"ref: refs/heads/test\" is not a valid GitHub commit ID"}
{"level":"info","ts":1547210457.3807397,"logger":"fallback-logger","caller":"creds-init/main.go:40","msg":"Credentials initialized."}
Step: build-step-git-source-0:

{"level":"warn","ts":1547210458.1456683,"logger":"fallback-logger","caller":"logging/config.go:65","msg":"Fetch GitHub commit ID from kodata failed: \"ref: refs/heads/test\" is not a valid GitHub commit ID"}
{"level":"info","ts":1547210459.3432345,"logger":"fallback-logger","caller":"git-init/main.go:92","msg":"Successfully cloned \"https://github.com/jenkins-x-charts/jx-build-templates.git\" @ \"8085cd1ec905cc92085715588832aa090c90946d\" in path \"/workspace\""}
Step: build-step-credentials:

Tag v0.0.314 created and pushed to remote origin
Step: build-step-release:

rm -rf charts
rm -rf jx-build-templates*.tgz
rm -rf requirements.lock
helm init --client-only
Creating /builder/home/.helm 
Creating /builder/home/.helm/repository 
Creating /builder/home/.helm/repository/cache 
Creating /builder/home/.helm/repository/local 
Creating /builder/home/.helm/plugins 
Creating /builder/home/.helm/starters 
Creating /builder/home/.helm/cache/archive 
Creating /builder/home/.helm/repository/repositories.yaml 
Adding stable repo with URL: https://kubernetes-charts.storage.googleapis.com 
Adding local repo with URL: http://127.0.0.1:8879/charts 
$HELM_HOME has been configured at /builder/home/.helm.
Not installing Tiller due to 'client-only' flag having been set
Happy Helming!
helm repo add jenkinsxio http://chartmuseum.jenkins-x.io 
"jenkinsxio" has been added to your repositories
helm dependency build
No requirements found in ./charts.
helm lint
==> Linting .
Lint OK

1 chart(s) linted, no failures
sed -i -e "s/version:.*/version: 0.0.314/" Chart.yaml
helm package .
Successfully packaged chart and saved it to: /workspace/jx-build-templates/jx-build-templates-0.0.314.tgz
curl --fail -u admin:jxadmin18 --data-binary "@jx-build-templates-0.0.314.tgz" http://jenkins-x-chartmuseum:8080/api/charts
  % Total    % Received % Xferd  Average Speed   Time    Time     Time  Current
                                 Dload  Upload   Total   Spent    Left  Speed
  0     0    0     0    0     0      0      0 --:--:-- --:--:-- --:--:--     0100  3267    0     0  100  3267      0   3241  0:00:01  0:00:01 --:--:--  3244100  3267    0     0  100  3267      0   1626  0:00:02  0:00:02 --:--:--  1626100  3281  100    14  100  3267      5   1363  0:00:02  0:00:02 --:--:--  1363
{"saved":true}rm -rf jx-build-templates*.tgz
